<?xml version="1.0" encoding="UTF-8"?>
<!-- Generated by org.testng.reporters.JUnitReportReporter -->
<testsuite hostname="HP" failures="0" tests="1" name="practice.Practice_1_BasicTS" time="0.000" errors="0" timestamp="2023-12-15T07:06:46 IST" skipped="0">
  <testcase classname="practice.Practice_1_BasicTS" name="Basictest" time="0.000"/>
  <system-out>
    <![CDATA[Iam kowsalya]]>
  </system-out>
</testsuite> <!-- practice.Practice_1_BasicTS -->
