<?xml version="1.0" encoding="UTF-8"?>
<!-- Generated by org.testng.reporters.JUnitReportReporter -->
<testsuite hostname="HP" failures="0" tests="4" name="practice.Practice_Basic_Test_2" time="0.012" errors="0" timestamp="2023-12-15T07:06:46 IST" skipped="0">
  <testcase classname="practice.Practice_Basic_Test_2" name="Demo" time="0.010"/>
  <system-out>
    <![CDATA[Iam Demo
Iam Kowsalya]]>
  </system-out>
  <testcase classname="practice.Practice_Basic_Test_2" name="Liyo" time="0.001"/>
  <system-out>
    <![CDATA[Iam Liyo
Iam Kowsalya]]>
  </system-out>
  <testcase classname="practice.Practice_Basic_Test_2" name="Miyo" time="0.001"/>
  <system-out>
    <![CDATA[Iam Miyo
Iam Kowsalya]]>
  </system-out>
  <testcase classname="practice.Practice_Basic_Test_2" name="Sumo" time="0.000"/>
  <system-out>
    <![CDATA[Iam Sumo
Iam Kowsalya]]>
  </system-out>
</testsuite> <!-- practice.Practice_Basic_Test_2 -->
